<?xml version="1.0" encoding="UTF-8"?>
<!-- Generated by org.testng.reporters.JUnitXMLReporter -->
<testsuite ignored="0" hostname="LAPTOP-THQERG1I" failures="0" tests="4" name="Default test" time="0.05" errors="0" timestamp="2023-04-22T17:43:29 IST">
  <testcase classname="Demo1.dataProviderDemo" name="method1" time="0.006"/>
  <testcase classname="Demo1.dataProviderDemo" name="method1" time="0.002"/>
  <testcase classname="Demo1.dataProviderDemo" name="method1" time="0.001"/>
  <testcase classname="Demo1.dataProviderDemo" name="method1" time="0.001"/>
</testsuite> <!-- Default test -->
