<?xml version="1.0" encoding="UTF-8"?>
<testng-results ignored="0" total="4" passed="4" failed="0" skipped="0">
  <reporter-output>
  </reporter-output>
  <suite started-at="2023-04-22T17:43:29 IST" name="Default suite" finished-at="2023-04-22T17:43:29 IST" duration-ms="50">
    <groups>
    </groups>
    <test started-at="2023-04-22T17:43:29 IST" name="Default test" finished-at="2023-04-22T17:43:29 IST" duration-ms="50">
      <class name="Demo1.dataProviderDemo">
        <test-method signature="method1(java.lang.String,java.lang.String)[pri:0, instance:Demo1.dataProviderDemo@4cc451f2]" started-at="2023-04-22T17:43:29 IST" name="method1" data-provider="testData" finished-at="2023-04-22T17:43:29 IST" duration-ms="6" status="PASS">
          <params>
            <param index="0">
              <value>
                <![CDATA[testuser1]]>
              </value>
            </param>
            <param index="1">
              <value>
                <![CDATA[secure123]]>
              </value>
            </param>
          </params>
          <reporter-output>
          </reporter-output>
        </test-method> <!-- method1 -->
        <test-method signature="method1(java.lang.String,java.lang.String)[pri:0, instance:Demo1.dataProviderDemo@4cc451f2]" started-at="2023-04-22T17:43:29 IST" name="method1" data-provider="testData" finished-at="2023-04-22T17:43:29 IST" duration-ms="2" status="PASS">
          <params>
            <param index="0">
              <value>
                <![CDATA[testuser2]]>
              </value>
            </param>
            <param index="1">
              <value>
                <![CDATA[secure456]]>
              </value>
            </param>
          </params>
          <reporter-output>
          </reporter-output>
        </test-method> <!-- method1 -->
        <test-method signature="method1(java.lang.String,java.lang.String)[pri:0, instance:Demo1.dataProviderDemo@4cc451f2]" started-at="2023-04-22T17:43:29 IST" name="method1" data-provider="testData" finished-at="2023-04-22T17:43:29 IST" duration-ms="1" status="PASS">
          <params>
            <param index="0">
              <value>
                <![CDATA[testuser3]]>
              </value>
            </param>
            <param index="1">
              <value>
                <![CDATA[secure567]]>
              </value>
            </param>
          </params>
          <reporter-output>
          </reporter-output>
        </test-method> <!-- method1 -->
        <test-method signature="method1(java.lang.String,java.lang.String)[pri:0, instance:Demo1.dataProviderDemo@4cc451f2]" started-at="2023-04-22T17:43:29 IST" name="method1" data-provider="testData" finished-at="2023-04-22T17:43:29 IST" duration-ms="1" status="PASS">
          <params>
            <param index="0">
              <value>
                <![CDATA[testuser4]]>
              </value>
            </param>
            <param index="1">
              <value>
                <![CDATA[secure567]]>
              </value>
            </param>
          </params>
          <reporter-output>
          </reporter-output>
        </test-method> <!-- method1 -->
      </class> <!-- Demo1.dataProviderDemo -->
    </test> <!-- Default test -->
  </suite> <!-- Default suite -->
</testng-results>
